[debug] [2022-11-20T21:45:48.304Z] ----------------------------------------------------------------------
[debug] [2022-11-20T21:45:48.306Z] Command:       /opt/homebrew/Cellar/node/19.1.0/bin/node /opt/homebrew/bin/firebase init
[debug] [2022-11-20T21:45:48.306Z] CLI Version:   11.16.1
[debug] [2022-11-20T21:45:48.307Z] Platform:      darwin
[debug] [2022-11-20T21:45:48.307Z] Node Version:  v19.1.0
[debug] [2022-11-20T21:45:48.307Z] Time:          Mon Nov 21 2022 03:45:48 GMT+0600 (East Kazakhstan Time)
[debug] [2022-11-20T21:45:48.307Z] ----------------------------------------------------------------------
[debug] 
[debug] [2022-11-20T21:45:48.358Z] > command requires scopes: ["email","openid","https://www.googleapis.com/auth/cloudplatformprojects.readonly","https://www.googleapis.com/auth/firebase","https://www.googleapis.com/auth/cloud-platform"]
[debug] [2022-11-20T21:45:48.358Z] > authorizing via signed-in user (dasiktazik@gmail.com)
[info] 
     ######## #### ########  ######## ########     ###     ######  ########
     ##        ##  ##     ## ##       ##     ##  ##   ##  ##       ##
     ######    ##  ########  ######   ########  #########  ######  ######
     ##        ##  ##    ##  ##       ##     ## ##     ##       ## ##
     ##       #### ##     ## ######## ########  ##     ##  ######  ########

You're about to initialize a Firebase project in this directory:

  /Users/defida/Documents/Haza Global/Web site/todo-test-hh

Before we get started, keep in mind:

  * You are initializing within an existing Firebase project directory

[info] 
=== Project Setup
[info] 
[info] First, let's associate this project directory with a Firebase project.
[info] You can create multiple project aliases by running firebase use --add, 
[info] but for now we'll just set up a default project.
[info] 
[debug] [2022-11-20T21:46:24.553Z] Using project from CLI flag: todo-test-hh
[debug] [2022-11-20T21:46:24.554Z] > refreshing access token with scopes: []
[debug] [2022-11-20T21:46:24.557Z] >>> [apiv2][query] POST https://www.googleapis.com/oauth2/v3/token [none]
[debug] [2022-11-20T21:46:24.557Z] >>> [apiv2][body] POST https://www.googleapis.com/oauth2/v3/token [omitted]
[debug] [2022-11-20T21:46:24.892Z] <<< [apiv2][status] POST https://www.googleapis.com/oauth2/v3/token 200
[debug] [2022-11-20T21:46:24.892Z] <<< [apiv2][body] POST https://www.googleapis.com/oauth2/v3/token [omitted]
[debug] [2022-11-20T21:46:24.908Z] >>> [apiv2][query] GET https://firebase.googleapis.com/v1beta1/projects/todo-test-hh [none]
[debug] [2022-11-20T21:46:25.427Z] <<< [apiv2][status] GET https://firebase.googleapis.com/v1beta1/projects/todo-test-hh 200
[debug] [2022-11-20T21:46:25.427Z] <<< [apiv2][body] GET https://firebase.googleapis.com/v1beta1/projects/todo-test-hh {"projectId":"todo-test-hh","projectNumber":"268851519616","displayName":"todo-test-hh","name":"projects/todo-test-hh","resources":{"hostingSite":"todo-test-hh","realtimeDatabaseInstance":"todo-test-hh-default-rtdb","storageBucket":"todo-test-hh.appspot.com","locationId":"europe-west2"},"state":"ACTIVE","etag":"1_092e543a-7c81-4118-818e-c0a95efe5a85"}
[info] i  Using project todo-test-hh (todo-test-hh) 
[info] 
=== Hosting Setup
[info] 
[info] Your public directory is the folder (relative to your project directory) that
[info] will contain Hosting assets to be uploaded with firebase deploy. If you
[info] have a build process for your assets, use your build's output directory.
[info] 
[debug] [2022-11-20T21:48:26.046Z] >>> [apiv2][query] GET https://www.gstatic.com/firebasejs/releases.json [none]
[debug] [2022-11-20T21:48:26.346Z] <<< [apiv2][status] GET https://www.gstatic.com/firebasejs/releases.json 200
[debug] [2022-11-20T21:48:26.347Z] <<< [apiv2][body] GET https://www.gstatic.com/firebasejs/releases.json {"current":{"version":"9.14.0","browserURL":"https://www.gstatic.com/firebasejs/9.14.0/firebase.js","packageURL":"https://www.gstatic.com/firebasejs/9.14.0/firebase.tgz"},"live":{"version":"9.14","browserURL":"https://www.gstatic.com/firebasejs/live/9.14/firebase.js","packageURL":"https://www.gstatic.com/firebasejs/live/9.14/firebase.tgz"},"components":{"analytics":"https://www.gstatic.com/firebasejs/9.14.0/firebase-analytics.js","app":"https://www.gstatic.com/firebasejs/9.14.0/firebase-app.js","app-check":"https://www.gstatic.com/firebasejs/9.14.0/firebase-app-check.js","auth":"https://www.gstatic.com/firebasejs/9.14.0/firebase-auth.js","auth/cordova":"https://www.gstatic.com/firebasejs/9.14.0/firebase-auth/cordova.js","auth/react-native":"https://www.gstatic.com/firebasejs/9.14.0/firebase-auth/react-native.js","functions":"https://www.gstatic.com/firebasejs/9.14.0/firebase-functions.js","firestore":"https://www.gstatic.com/firebasejs/9.14.0/firebase-firestore.js","firestore/lite":"https://www.gstatic.com/firebasejs/9.14.0/firebase-firestore/lite.js","installations":"https://www.gstatic.com/firebasejs/9.14.0/firebase-installations.js","storage":"https://www.gstatic.com/firebasejs/9.14.0/firebase-storage.js","performance":"https://www.gstatic.com/firebasejs/9.14.0/firebase-performance.js","remote-config":"https://www.gstatic.com/firebasejs/9.14.0/firebase-remote-config.js","messaging":"https://www.gstatic.com/firebasejs/9.14.0/firebase-messaging.js","messaging/sw":"https://www.gstatic.com/firebasejs/9.14.0/firebase-messaging/sw.js","database":"https://www.gstatic.com/firebasejs/9.14.0/firebase-database.js","firestore.memory":"https://www.gstatic.com/firebasejs/9.14.0/firebase-firestore.memory.js"}}
[info] i  Skipping write of build/index.html 
[info] 
[info] i  Detected a .git folder at /Users/defida/Documents/Haza Global/Web site/todo-test-hh 
[info] i  Authorizing with GitHub to upload your service account to a GitHub repository's secrets store. 
[info] 
[info] Visit this URL on this device to log in:
[info] https://github.com/login/oauth/authorize?client_id=89cf50f02ac6aaed3484&state=71978128&redirect_uri=http%3A%2F%2Flocalhost%3A9005&scope=read%3Auser%20repo%20public_repo
[info] 
[info] Waiting for authentication...
[debug] [2022-11-20T21:48:41.464Z] >>> [apiv2][query] POST https://github.com/login/oauth/access_token [none]
[debug] [2022-11-20T21:48:41.465Z] >>> [apiv2][body] POST https://github.com/login/oauth/access_token [stream]
[debug] [2022-11-20T21:48:41.963Z] <<< [apiv2][status] POST https://github.com/login/oauth/access_token 200
[debug] [2022-11-20T21:48:41.964Z] <<< [apiv2][body] POST https://github.com/login/oauth/access_token {"access_token":"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","token_type":"bearer","scope":"read:user,repo"}
[debug] [2022-11-20T21:48:41.976Z] >>> [apiv2][query] GET https://api.github.com/user [none]
[debug] [2022-11-20T21:48:42.456Z] <<< [apiv2][status] GET https://api.github.com/user 200
[debug] [2022-11-20T21:48:42.456Z] <<< [apiv2][body] GET https://api.github.com/user {"login":"DeFida","id":57841128,"node_id":"MDQ6VXNlcjU3ODQxMTI4","avatar_url":"https://avatars.githubusercontent.com/u/57841128?v=4","gravatar_id":"","url":"https://api.github.com/users/DeFida","html_url":"https://github.com/DeFida","followers_url":"https://api.github.com/users/DeFida/followers","following_url":"https://api.github.com/users/DeFida/following{/other_user}","gists_url":"https://api.github.com/users/DeFida/gists{/gist_id}","starred_url":"https://api.github.com/users/DeFida/starred{/owner}{/repo}","subscriptions_url":"https://api.github.com/users/DeFida/subscriptions","organizations_url":"https://api.github.com/users/DeFida/orgs","repos_url":"https://api.github.com/users/DeFida/repos","events_url":"https://api.github.com/users/DeFida/events{/privacy}","received_events_url":"https://api.github.com/users/DeFida/received_events","type":"User","site_admin":false,"name":"DeFida","company":null,"blog":"","location":null,"email":null,"hireable":null,"bio":null,"twitter_username":null,"public_repos":20,"public_gists":0,"followers":6,"following":5,"created_at":"2019-11-16T17:09:03Z","updated_at":"2022-08-26T14:29:02Z","private_gists":0,"total_private_repos":10,"owned_private_repos":10,"disk_usage":177184,"collaborators":1,"two_factor_authentication":false,"plan":{"name":"free","space":976562499,"collaborators":0,"private_repos":10000}}
[info] 
[info] ✔  Success! Logged into GitHub as DeFida 
[info] 
